<?xml version="1.0" encoding="UTF-8"?>
<testsuites name="Release Checks" time="130" tests="6" failures="0" errors="0">
   <testsuite name="Release Checks" tests="6" failures="0" errors="0" time="130" timestamp="2018-02-12 16:40:37" hostname="jamiefairlie - 10.211.55.4" id="Test Suites/Release Checks">
      <properties>
         <property name="deviceName" value=""/>
         <property name="devicePlatform" value=""/>
         <property name="logFolder" value="C:\\Users\\jamiefairlie\\Documents\\SCOTWReleaseChecks\\Reports\\Release Checks\\20180212_164032"/>
         <property name="logFiles" value="C:\\Users\\jamiefairlie\\Documents\\SCOTWReleaseChecks\\Reports\\Release Checks\\20180212_164032\\execution0.log"/>
         <property name="attachments" value="C:\\Windows\\Temp\\KatalonCaptures\\errorpage.png"/>
         <property name="hostName" value="jamiefairlie - 10.211.55.4"/>
         <property name="os" value="Windows 10 64bit"/>
         <property name="katalonVersion" value="5.3.0.1"/>
         <property name="browser" value="Chrome 64.0.3282.140"/>
         <property name="hostAddress" value="10.211.55.4"/>
         <property name="sessionId" value="33c92a902e3a890586d06d7a2a325070"/>
         <property name="seleniumVersion" value="3.7.1"/>
         <property name="proxyInformation" value="ProxyInformation{proxyOption=NO_PROXY, proxyServerType=HTTP, password=, proxyServerAddress=, proxyServerPort=0}"/>
         <property name="platform" value="Windows 10"/>
      </properties>
      <testcase name="Test Cases/HTTPS Redirect - Not Logged In - LIVE" classname="Test Cases/HTTPS Redirect - Not Logged In - LIVE" status="PASSED">
         <system-out><![CDATA[2018-02-12 16:40:39 - [TEST_CASE][PASSED] - Test Cases/HTTPS Redirect - Not Logged In - LIVE: Test Cases/HTTPS Redirect - Not Logged In - LIVE

2018-02-12 16:40:40 - [TEST_STEP][PASSED] - openBrowser: Browser is opened with url: 'www.google.co.uk'

2018-02-12 16:40:57 - [MESSAGE][PASSED] - Browser is opened with url: 'www.google.co.uk'

2018-02-12 16:40:57 - [TEST_STEP][PASSED] - navigateToUrl: Navigate to 'http://app.schoolcomms.com/messaging' successfully

2018-02-12 16:41:02 - [MESSAGE][PASSED] - Navigate to 'http://app.schoolcomms.com/messaging' successfully

2018-02-12 16:41:02 - [TEST_STEP][PASSED] - waitForPageLoad: Wait for page load successfully

2018-02-12 16:41:02 - [MESSAGE][WARNING] - Timeout '0' is invalid. Using default page load timeout: '30'

2018-02-12 16:41:03 - [MESSAGE][PASSED] - Wait for page load successfully

2018-02-12 16:41:03 - [TEST_STEP][PASSED] - Statement - url = com.kms.katalon.core.webui.keyword.WebUiBuiltInKeywords.getUrl(): Current window's url is: 'https://app.schoolcomms.com/login?ReturnUrl=%2fmessaging'

2018-02-12 16:41:03 - [MESSAGE][PASSED] - Current window's url is: 'https://app.schoolcomms.com/login?ReturnUrl=%2fmessaging'

2018-02-12 16:41:03 - [TEST_STEP][PASSED] - verifyEqual: Actual object 'https://app.schoolcomms.com/login?ReturnUrl=%2fmessaging' and expected object 'https://app.schoolcomms.com/login?ReturnUrl=%2fmessaging' are equal

2018-02-12 16:41:03 - [MESSAGE][PASSED] - Actual object 'https://app.schoolcomms.com/login?ReturnUrl=%2fmessaging' and expected object 'https://app.schoolcomms.com/login?ReturnUrl=%2fmessaging' are equal

2018-02-12 16:41:03 - [TEST_STEP][PASSED] - closeBrowser: Browser is closed

2018-02-12 16:41:04 - [MESSAGE][PASSED] - Browser is closed]]></system-out>
         <system-err><![CDATA[]]></system-err>
      </testcase>
      <testcase name="Test Cases/Step 2 - POTW - HTTPS Redirect - Logged In - Labs" classname="Test Cases/Step 2 - POTW - HTTPS Redirect - Logged In - Labs" status="PASSED">
         <system-out><![CDATA[2018-02-12 16:41:05 - [TEST_CASE][PASSED] - Test Cases/Step 2 - POTW - HTTPS Redirect - Logged In - Labs: Test Cases/Step 2 - POTW - HTTPS Redirect - Logged In - Labs

2018-02-12 16:41:05 - [TEST_STEP][PASSED] - openBrowser: Browser is opened with url: ''

2018-02-12 16:41:13 - [MESSAGE][PASSED] - Browser is opened with url: ''

2018-02-12 16:41:13 - [TEST_STEP][PASSED] - navigateToUrl: Navigate to 'https://labs.schoolcomms.com/login?ReturnUrl=%2fmessaging' successfully

2018-02-12 16:41:14 - [MESSAGE][PASSED] - Navigate to 'https://labs.schoolcomms.com/login?ReturnUrl=%2fmessaging' successfully

2018-02-12 16:41:14 - [TEST_STEP][PASSED] - doubleClick: Object: 'Object Repository/Page_Login  Schoolcomms/input_Username' is double clicked on

2018-02-12 16:41:14 - [MESSAGE][PASSED] - Object: 'Object Repository/Page_Login  Schoolcomms/input_Username' is double clicked on

2018-02-12 16:41:14 - [TEST_STEP][PASSED] - setText: Text 'Hillier82' is set on object 'Object Repository/Page_Login  Schoolcomms/input_Username'

2018-02-12 16:41:15 - [MESSAGE][PASSED] - Text 'Hillier82' is set on object 'Object Repository/Page_Login  Schoolcomms/input_Username'

2018-02-12 16:41:15 - [TEST_STEP][PASSED] - setText: Text 'Abigail2014' is set on object 'Object Repository/Page_Login  Schoolcomms/input_memorabledata'

2018-02-12 16:41:15 - [MESSAGE][PASSED] - Text 'Abigail2014' is set on object 'Object Repository/Page_Login  Schoolcomms/input_memorabledata'

2018-02-12 16:41:15 - [TEST_STEP][PASSED] - setText: Text 'Isabel2011' is set on object 'Object Repository/Page_Login  Schoolcomms/input_password'

2018-02-12 16:41:15 - [MESSAGE][PASSED] - Text 'Isabel2011' is set on object 'Object Repository/Page_Login  Schoolcomms/input_password'

2018-02-12 16:41:15 - [TEST_STEP][PASSED] - click: Object: 'Object Repository/Page_Login  Schoolcomms/button_LOG IN' is clicked on

2018-02-12 16:41:19 - [MESSAGE][PASSED] - Object: 'Object Repository/Page_Login  Schoolcomms/button_LOG IN' is clicked on

2018-02-12 16:41:19 - [TEST_STEP][PASSED] - navigateToUrl: Navigate to 'http://labs.schoolcomms.com/payments/active' successfully

2018-02-12 16:41:26 - [MESSAGE][PASSED] - Navigate to 'http://labs.schoolcomms.com/payments/active' successfully

2018-02-12 16:41:26 - [TEST_STEP][PASSED] - waitForPageLoad: Wait for page load successfully

2018-02-12 16:41:26 - [MESSAGE][WARNING] - Timeout '0' is invalid. Using default page load timeout: '30'

2018-02-12 16:41:30 - [MESSAGE][PASSED] - Wait for page load successfully

2018-02-12 16:41:30 - [TEST_STEP][PASSED] - Statement - url = com.kms.katalon.core.webui.keyword.WebUiBuiltInKeywords.getUrl(): Current window's url is: 'https://labs.schoolcomms.com/payments/active'

2018-02-12 16:41:30 - [MESSAGE][PASSED] - Current window's url is: 'https://labs.schoolcomms.com/payments/active'

2018-02-12 16:41:30 - [TEST_STEP][PASSED] - verifyEqual: Actual object 'https://labs.schoolcomms.com/payments/active' and expected object 'https://labs.schoolcomms.com/payments/active' are equal

2018-02-12 16:41:30 - [MESSAGE][PASSED] - Actual object 'https://labs.schoolcomms.com/payments/active' and expected object 'https://labs.schoolcomms.com/payments/active' are equal

2018-02-12 16:41:30 - [TEST_STEP][PASSED] - closeBrowser: Browser is closed

2018-02-12 16:41:36 - [MESSAGE][PASSED] - Browser is closed]]></system-out>
         <system-err><![CDATA[]]></system-err>
      </testcase>
      <testcase name="Test Cases/Error Page" classname="Test Cases/Error Page" status="PASSED">
         <system-out><![CDATA[2018-02-12 16:41:36 - [TEST_CASE][PASSED] - Test Cases/Error Page: Test Cases/Error Page

2018-02-12 16:41:37 - [TEST_STEP][PASSED] - openBrowser: Browser is opened with url: 'https://labs.schoolcomms.com/payments/;alskdfj'

2018-02-12 16:41:42 - [MESSAGE][PASSED] - Browser is opened with url: 'https://labs.schoolcomms.com/payments/;alskdfj'

2018-02-12 16:41:42 - [TEST_STEP][PASSED] - setText: Text 'SupportJamieGA' is set on object 'Object Repository/Page_Login  Schoolcomms/input_Username'

2018-02-12 16:41:42 - [MESSAGE][PASSED] - Text 'SupportJamieGA' is set on object 'Object Repository/Page_Login  Schoolcomms/input_Username'

2018-02-12 16:41:42 - [TEST_STEP][PASSED] - setText: Text 'Summ3r16' is set on object 'Object Repository/Page_Login  Schoolcomms/input_memorabledata'

2018-02-12 16:41:42 - [MESSAGE][PASSED] - Text 'Summ3r16' is set on object 'Object Repository/Page_Login  Schoolcomms/input_memorabledata'

2018-02-12 16:41:42 - [TEST_STEP][PASSED] - setText: Text 'H0lid4ys' is set on object 'Object Repository/Page_Login  Schoolcomms/input_password'

2018-02-12 16:41:42 - [MESSAGE][PASSED] - Text 'H0lid4ys' is set on object 'Object Repository/Page_Login  Schoolcomms/input_password'

2018-02-12 16:41:42 - [TEST_STEP][PASSED] - click: Object: 'Object Repository/Page_Login  Schoolcomms/button_LOG IN' is clicked on

2018-02-12 16:41:44 - [MESSAGE][PASSED] - Object: 'Object Repository/Page_Login  Schoolcomms/button_LOG IN' is clicked on

2018-02-12 16:41:44 - [TEST_STEP][PASSED] - takeScreenshot: Taking screenshot successfully

2018-02-12 16:41:45 - [MESSAGE][PASSED] - Taking screenshot successfully
[[ATTACHMENT|C:\\Windows\\Temp\\KatalonCaptures\\errorpage.png]]

2018-02-12 16:41:45 - [TEST_STEP][PASSED] - getUrl: Current window's url is: 'https://labs.schoolcomms.com/payments/;alskdfj'

2018-02-12 16:41:45 - [MESSAGE][PASSED] - Current window's url is: 'https://labs.schoolcomms.com/payments/;alskdfj']]></system-out>
         <system-err><![CDATA[]]></system-err>
      </testcase>
      <testcase name="Test Cases/Step 1 - POTW - HTTPS Redirect - Not Logged In - Labs" classname="Test Cases/Step 1 - POTW - HTTPS Redirect - Not Logged In - Labs" status="PASSED">
         <system-out><![CDATA[2018-02-12 16:41:45 - [TEST_CASE][PASSED] - Test Cases/Step 1 - POTW - HTTPS Redirect - Not Logged In - Labs: Test Cases/Step 1 - POTW - HTTPS Redirect - Not Logged In - Labs

2018-02-12 16:41:45 - [TEST_STEP][PASSED] - openBrowser: Browser is opened with url: 'www.google.co.uk'

2018-02-12 16:41:45 - [MESSAGE][WARNING] - A browser is already opened. Closing browser and opening a new one

2018-02-12 16:41:53 - [MESSAGE][PASSED] - Browser is opened with url: 'www.google.co.uk'

2018-02-12 16:41:53 - [TEST_STEP][PASSED] - navigateToUrl: Navigate to 'http://labs.schoolcomms.com/messaging' successfully

2018-02-12 16:42:05 - [MESSAGE][PASSED] - Navigate to 'http://labs.schoolcomms.com/messaging' successfully

2018-02-12 16:42:05 - [TEST_STEP][PASSED] - waitForPageLoad: Wait for page load successfully

2018-02-12 16:42:05 - [MESSAGE][WARNING] - Timeout '0' is invalid. Using default page load timeout: '30'

2018-02-12 16:42:05 - [MESSAGE][PASSED] - Wait for page load successfully

2018-02-12 16:42:05 - [TEST_STEP][PASSED] - Statement - url = com.kms.katalon.core.webui.keyword.WebUiBuiltInKeywords.getUrl(): Current window's url is: 'https://labs.schoolcomms.com/login?ReturnUrl=%2fmessaging'

2018-02-12 16:42:05 - [MESSAGE][PASSED] - Current window's url is: 'https://labs.schoolcomms.com/login?ReturnUrl=%2fmessaging'

2018-02-12 16:42:05 - [TEST_STEP][PASSED] - verifyEqual: Actual object 'https://labs.schoolcomms.com/login?ReturnUrl=%2fmessaging' and expected object 'https://labs.schoolcomms.com/login?ReturnUrl=%2fmessaging' are equal

2018-02-12 16:42:05 - [MESSAGE][PASSED] - Actual object 'https://labs.schoolcomms.com/login?ReturnUrl=%2fmessaging' and expected object 'https://labs.schoolcomms.com/login?ReturnUrl=%2fmessaging' are equal

2018-02-12 16:42:05 - [TEST_STEP][PASSED] - closeBrowser: Browser is closed

2018-02-12 16:42:10 - [MESSAGE][PASSED] - Browser is closed]]></system-out>
         <system-err><![CDATA[]]></system-err>
      </testcase>
      <testcase name="Test Cases/Remember Me" classname="Test Cases/Remember Me" status="PASSED">
         <system-out><![CDATA[2018-02-12 16:42:10 - [TEST_CASE][PASSED] - Test Cases/Remember Me: Test Cases/Remember Me

2018-02-12 16:42:11 - [TEST_STEP][PASSED] - openBrowser: Browser is opened with url: 'https://labs.schoolcomms.com/payments'

2018-02-12 16:42:21 - [MESSAGE][PASSED] - Browser is opened with url: 'https://labs.schoolcomms.com/payments'

2018-02-12 16:42:21 - [TEST_STEP][PASSED] - setText: Text 'SupportJamieGA' is set on object 'Object Repository/Page_Login  Schoolcomms/input_Username'

2018-02-12 16:42:22 - [MESSAGE][PASSED] - Text 'SupportJamieGA' is set on object 'Object Repository/Page_Login  Schoolcomms/input_Username'

2018-02-12 16:42:22 - [TEST_STEP][PASSED] - setText: Text 'Summ3r16' is set on object 'Object Repository/Page_Login  Schoolcomms/input_memorabledata'

2018-02-12 16:42:22 - [MESSAGE][PASSED] - Text 'Summ3r16' is set on object 'Object Repository/Page_Login  Schoolcomms/input_memorabledata'

2018-02-12 16:42:22 - [TEST_STEP][PASSED] - setText: Text 'H0lid4ys' is set on object 'Object Repository/Page_Login  Schoolcomms/input_password'

2018-02-12 16:42:22 - [MESSAGE][PASSED] - Text 'H0lid4ys' is set on object 'Object Repository/Page_Login  Schoolcomms/input_password'

2018-02-12 16:42:22 - [TEST_STEP][PASSED] - click: Object: 'Object Repository/Page_Login  Schoolcomms/button_LOG IN' is clicked on

2018-02-12 16:42:26 - [MESSAGE][PASSED] - Object: 'Object Repository/Page_Login  Schoolcomms/button_LOG IN' is clicked on

2018-02-12 16:42:26 - [TEST_STEP][PASSED] - click: Object: 'Object Repository/Page_Active Payments  Schoolcomms/div_SupportJamieGA' is clicked on

2018-02-12 16:42:26 - [MESSAGE][PASSED] - Object: 'Object Repository/Page_Active Payments  Schoolcomms/div_SupportJamieGA' is clicked on

2018-02-12 16:42:26 - [TEST_STEP][PASSED] - delay: Delayed 1 second(s)

2018-02-12 16:42:27 - [MESSAGE][PASSED] - Delayed 1 second(s)

2018-02-12 16:42:27 - [TEST_STEP][PASSED] - click: Object: 'Object Repository/Page_Active Payments  Schoolcomms/li_Log out' is clicked on

2018-02-12 16:42:27 - [MESSAGE][PASSED] - Object: 'Object Repository/Page_Active Payments  Schoolcomms/li_Log out' is clicked on

2018-02-12 16:42:27 - [TEST_STEP][PASSED] - verifyElementAttributeValue: Object 'Object Repository/Page_Login  Schoolcomms/input_Username' has attribute 'Value' with value ''

2018-02-12 16:42:27 - [MESSAGE][WARNING] - Timeout '0' is invalid. Using default page load timeout: '30'

2018-02-12 16:42:27 - [MESSAGE][PASSED] - Object 'Object Repository/Page_Login  Schoolcomms/input_Username' has attribute 'Value' with value ''

2018-02-12 16:42:27 - [TEST_STEP][PASSED] - setText: Text 'SupportJamieGA' is set on object 'Object Repository/Page_Login  Schoolcomms/input_Username'

2018-02-12 16:42:28 - [MESSAGE][PASSED] - Text 'SupportJamieGA' is set on object 'Object Repository/Page_Login  Schoolcomms/input_Username'

2018-02-12 16:42:28 - [TEST_STEP][PASSED] - setText: Text 'Summ3r16' is set on object 'Object Repository/Page_Login  Schoolcomms/input_memorabledata'

2018-02-12 16:42:28 - [MESSAGE][PASSED] - Text 'Summ3r16' is set on object 'Object Repository/Page_Login  Schoolcomms/input_memorabledata'

2018-02-12 16:42:28 - [TEST_STEP][PASSED] - setText: Text 'H0lid4ys' is set on object 'Object Repository/Page_Login  Schoolcomms/input_password'

2018-02-12 16:42:28 - [MESSAGE][PASSED] - Text 'H0lid4ys' is set on object 'Object Repository/Page_Login  Schoolcomms/input_password'

2018-02-12 16:42:28 - [TEST_STEP][PASSED] - click: Object: 'Object Repository/Page_Login  Schoolcomms/i_fa fa-square-o' is clicked on

2018-02-12 16:42:28 - [MESSAGE][PASSED] - Object: 'Object Repository/Page_Login  Schoolcomms/i_fa fa-square-o' is clicked on

2018-02-12 16:42:28 - [TEST_STEP][PASSED] - click: Object: 'Object Repository/Page_Login  Schoolcomms/button_LOG IN' is clicked on

2018-02-12 16:42:29 - [MESSAGE][PASSED] - Object: 'Object Repository/Page_Login  Schoolcomms/button_LOG IN' is clicked on

2018-02-12 16:42:29 - [TEST_STEP][PASSED] - click: Object: 'Object Repository/Page_Active Payments  Schoolcomms/div_SupportJamieGA' is clicked on

2018-02-12 16:42:29 - [MESSAGE][PASSED] - Object: 'Object Repository/Page_Active Payments  Schoolcomms/div_SupportJamieGA' is clicked on

2018-02-12 16:42:29 - [TEST_STEP][PASSED] - delay: Delayed 1 second(s)

2018-02-12 16:42:30 - [MESSAGE][PASSED] - Delayed 1 second(s)

2018-02-12 16:42:30 - [TEST_STEP][PASSED] - click: Object: 'Object Repository/Page_Active Payments  Schoolcomms/li_Log out' is clicked on

2018-02-12 16:42:31 - [MESSAGE][PASSED] - Object: 'Object Repository/Page_Active Payments  Schoolcomms/li_Log out' is clicked on

2018-02-12 16:42:31 - [TEST_STEP][PASSED] - verifyElementAttributeValue: Object 'Object Repository/Page_Login  Schoolcomms/input_Username' has attribute 'Value' with value 'SupportJamieGA'

2018-02-12 16:42:31 - [MESSAGE][WARNING] - Timeout '0' is invalid. Using default page load timeout: '30'

2018-02-12 16:42:31 - [MESSAGE][PASSED] - Object 'Object Repository/Page_Login  Schoolcomms/input_Username' has attribute 'Value' with value 'SupportJamieGA']]></system-out>
         <system-err><![CDATA[]]></system-err>
      </testcase>
      <testcase name="Test Cases/HTTPS Redirect - Logged In - LIVE" classname="Test Cases/HTTPS Redirect - Logged In - LIVE" status="PASSED">
         <system-out><![CDATA[2018-02-12 16:42:31 - [TEST_CASE][PASSED] - Test Cases/HTTPS Redirect - Logged In - LIVE: Test Cases/HTTPS Redirect - Logged In - LIVE

2018-02-12 16:42:31 - [TEST_STEP][PASSED] - openBrowser: Browser is opened with url: ''

2018-02-12 16:42:31 - [MESSAGE][WARNING] - A browser is already opened. Closing browser and opening a new one

2018-02-12 16:42:36 - [MESSAGE][PASSED] - Browser is opened with url: ''

2018-02-12 16:42:36 - [TEST_STEP][PASSED] - navigateToUrl: Navigate to 'https://app.schoolcomms.com/login?ReturnUrl=%2fmessaging' successfully

2018-02-12 16:42:38 - [MESSAGE][PASSED] - Navigate to 'https://app.schoolcomms.com/login?ReturnUrl=%2fmessaging' successfully

2018-02-12 16:42:38 - [TEST_STEP][PASSED] - doubleClick: Object: 'Object Repository/Page_Login  Schoolcomms/input_Username' is double clicked on

2018-02-12 16:42:38 - [MESSAGE][PASSED] - Object: 'Object Repository/Page_Login  Schoolcomms/input_Username' is double clicked on

2018-02-12 16:42:38 - [TEST_STEP][PASSED] - setText: Text 'Hillier82' is set on object 'Object Repository/Page_Login  Schoolcomms/input_Username'

2018-02-12 16:42:38 - [MESSAGE][PASSED] - Text 'Hillier82' is set on object 'Object Repository/Page_Login  Schoolcomms/input_Username'

2018-02-12 16:42:38 - [TEST_STEP][PASSED] - setText: Text 'Abigail2014' is set on object 'Object Repository/Page_Login  Schoolcomms/input_memorabledata'

2018-02-12 16:42:39 - [MESSAGE][PASSED] - Text 'Abigail2014' is set on object 'Object Repository/Page_Login  Schoolcomms/input_memorabledata'

2018-02-12 16:42:39 - [TEST_STEP][PASSED] - setText: Text 'Isabel2011' is set on object 'Object Repository/Page_Login  Schoolcomms/input_password'

2018-02-12 16:42:39 - [MESSAGE][PASSED] - Text 'Isabel2011' is set on object 'Object Repository/Page_Login  Schoolcomms/input_password'

2018-02-12 16:42:39 - [TEST_STEP][PASSED] - click: Object: 'Object Repository/Page_Login  Schoolcomms/button_LOG IN' is clicked on

2018-02-12 16:42:42 - [MESSAGE][PASSED] - Object: 'Object Repository/Page_Login  Schoolcomms/button_LOG IN' is clicked on

2018-02-12 16:42:42 - [TEST_STEP][PASSED] - navigateToUrl: Navigate to 'http://app.schoolcomms.com/payments/active' successfully

2018-02-12 16:42:45 - [MESSAGE][PASSED] - Navigate to 'http://app.schoolcomms.com/payments/active' successfully

2018-02-12 16:42:45 - [TEST_STEP][PASSED] - waitForPageLoad: Wait for page load successfully

2018-02-12 16:42:45 - [MESSAGE][WARNING] - Timeout '0' is invalid. Using default page load timeout: '30'

2018-02-12 16:42:46 - [MESSAGE][PASSED] - Wait for page load successfully

2018-02-12 16:42:46 - [TEST_STEP][PASSED] - Statement - url = com.kms.katalon.core.webui.keyword.WebUiBuiltInKeywords.getUrl(): Current window's url is: 'https://app.schoolcomms.com/payments/active'

2018-02-12 16:42:46 - [MESSAGE][PASSED] - Current window's url is: 'https://app.schoolcomms.com/payments/active'

2018-02-12 16:42:46 - [TEST_STEP][PASSED] - verifyEqual: Actual object 'https://app.schoolcomms.com/payments/active' and expected object 'https://app.schoolcomms.com/payments/active' are equal

2018-02-12 16:42:46 - [MESSAGE][PASSED] - Actual object 'https://app.schoolcomms.com/payments/active' and expected object 'https://app.schoolcomms.com/payments/active' are equal

2018-02-12 16:42:46 - [TEST_STEP][PASSED] - closeBrowser: Browser is closed

2018-02-12 16:42:48 - [MESSAGE][PASSED] - Browser is closed]]></system-out>
         <system-err><![CDATA[]]></system-err>
      </testcase>
      <system-out><![CDATA[2018-02-12 16:40:37 - [TEST_SUITE][PASSED] - Release Checks: Test Cases/HTTPS Redirect - Logged In - LIVE]]></system-out>
      <system-err><![CDATA[]]></system-err>
   </testsuite>
</testsuites>
