<?xml version="1.0" encoding="UTF-8"?>
<testsuites name="Release Checks" time="86" tests="6" failures="0" errors="0">
   <testsuite name="Release Checks" tests="6" failures="0" errors="0" time="86" timestamp="2018-02-06 11:18:34" hostname="AndyHillier - LAPTOP-70TGMTGG" id="Test Suites/Release Checks">
      <properties>
         <property name="deviceName" value=""/>
         <property name="devicePlatform" value=""/>
         <property name="logFolder" value="C:\\Users\\AndyHillier\\Desktop\\Katalon\\Release Checks Project\\SOTW Release Checks\\SOTW Release Checks\\Reports\\Release Checks\\20180206_111829"/>
         <property name="logFiles" value="C:\\Users\\AndyHillier\\Desktop\\Katalon\\Release Checks Project\\SOTW Release Checks\\SOTW Release Checks\\Reports\\Release Checks\\20180206_111829\\execution0.log"/>
         <property name="attachments" value="C:\\Users\\AndyHillier\\Desktop\\Katalon\\Release Checks Project\\SOTW Release Checks\\SOTW Release Checks\\Reports\\Release Checks\\20180206_111829\\1517915948599.png, C:\\Users\\AndyHillier\\Desktop\\Katalon\\Release Checks Project\\SOTW Release Checks\\SOTW Release Checks\\Reports\\Release Checks\\20180206_111829\\/Users/AndyHillier/Desktop/error_page.png, C:\\Users\\AndyHillier\\Desktop\\Katalon\\Release Checks Project\\SOTW Release Checks\\SOTW Release Checks\\Reports\\Release Checks\\20180206_111829\\1517916000570.png"/>
         <property name="hostName" value="AndyHillier - LAPTOP-70TGMTGG"/>
         <property name="os" value="Windows 10 64bit"/>
         <property name="katalonVersion" value="5.3.0.1"/>
         <property name="browser" value="Firefox 58.0"/>
         <property name="hostAddress" value="192.168.1.134"/>
         <property name="sessionId" value="68092b66-0b65-48fc-8815-5b80cdd4d78f"/>
         <property name="seleniumVersion" value="3.7.1"/>
         <property name="proxyInformation" value="ProxyInformation{proxyOption=NO_PROXY, proxyServerType=HTTP, password=, proxyServerAddress=, proxyServerPort=0}"/>
         <property name="platform" value="Windows 10"/>
      </properties>
      <testcase name="Test Cases/HTTPS Redirect - Not Logged In - LIVE" classname="Test Cases/HTTPS Redirect - Not Logged In - LIVE" status="PASSED">
         <system-out><![CDATA[2018-02-06 11:18:35 - [TEST_CASE][PASSED] - Test Cases/HTTPS Redirect - Not Logged In - LIVE: Test Cases/HTTPS Redirect - Not Logged In - LIVE

2018-02-06 11:18:36 - [TEST_STEP][PASSED] - openBrowser: Browser is opened with url: 'www.google.co.uk'

2018-02-06 11:18:48 - [MESSAGE][PASSED] - Browser is opened with url: 'www.google.co.uk'

2018-02-06 11:18:48 - [TEST_STEP][PASSED] - navigateToUrl: Navigate to 'http://app.schoolcomms.com/messaging' successfully

2018-02-06 11:18:50 - [MESSAGE][PASSED] - Navigate to 'http://app.schoolcomms.com/messaging' successfully

2018-02-06 11:18:50 - [TEST_STEP][PASSED] - waitForPageLoad: Wait for page load successfully

2018-02-06 11:18:50 - [MESSAGE][WARNING] - Timeout '0' is invalid. Using default page load timeout: '30'

2018-02-06 11:18:50 - [MESSAGE][PASSED] - Wait for page load successfully

2018-02-06 11:18:50 - [TEST_STEP][PASSED] - Statement - url = com.kms.katalon.core.webui.keyword.WebUiBuiltInKeywords.getUrl(): Current window's url is: 'https://app.schoolcomms.com/login?ReturnUrl=%2fmessaging'

2018-02-06 11:18:50 - [MESSAGE][PASSED] - Current window's url is: 'https://app.schoolcomms.com/login?ReturnUrl=%2fmessaging'

2018-02-06 11:18:50 - [TEST_STEP][PASSED] - verifyEqual: Actual object 'https://app.schoolcomms.com/login?ReturnUrl=%2fmessaging' and expected object 'https://app.schoolcomms.com/login?ReturnUrl=%2fmessaging' are equal

2018-02-06 11:18:50 - [MESSAGE][PASSED] - Actual object 'https://app.schoolcomms.com/login?ReturnUrl=%2fmessaging' and expected object 'https://app.schoolcomms.com/login?ReturnUrl=%2fmessaging' are equal

2018-02-06 11:18:50 - [TEST_STEP][PASSED] - closeBrowser: Browser is closed

2018-02-06 11:18:51 - [MESSAGE][PASSED] - Browser is closed]]></system-out>
         <system-err><![CDATA[]]></system-err>
      </testcase>
      <testcase name="Test Cases/HTTPS Redirect - Logged In - Labs" classname="Test Cases/HTTPS Redirect - Logged In - Labs" status="PASSED">
         <system-out><![CDATA[2018-02-06 11:18:51 - [TEST_CASE][PASSED] - Test Cases/HTTPS Redirect - Logged In - Labs: Test Cases/HTTPS Redirect - Logged In - Labs

2018-02-06 11:18:52 - [TEST_STEP][PASSED] - openBrowser: Browser is opened with url: ''

2018-02-06 11:18:58 - [MESSAGE][PASSED] - Browser is opened with url: ''

2018-02-06 11:18:58 - [TEST_STEP][PASSED] - navigateToUrl: Navigate to 'https://labs.schoolcomms.com/login?ReturnUrl=%2fmessaging' successfully

2018-02-06 11:18:59 - [MESSAGE][PASSED] - Navigate to 'https://labs.schoolcomms.com/login?ReturnUrl=%2fmessaging' successfully

2018-02-06 11:18:59 - [TEST_STEP][PASSED] - doubleClick: Object: 'Object Repository/Page_Login  Schoolcomms/input_Username' is double clicked on

2018-02-06 11:18:59 - [MESSAGE][PASSED] - Object: 'Object Repository/Page_Login  Schoolcomms/input_Username' is double clicked on

2018-02-06 11:18:59 - [TEST_STEP][PASSED] - setText: Text 'Hillier82' is set on object 'Object Repository/Page_Login  Schoolcomms/input_Username'

2018-02-06 11:18:59 - [MESSAGE][PASSED] - Text 'Hillier82' is set on object 'Object Repository/Page_Login  Schoolcomms/input_Username'

2018-02-06 11:18:59 - [TEST_STEP][PASSED] - setText: Text 'Abigail2014' is set on object 'Object Repository/Page_Login  Schoolcomms/input_memorabledata'

2018-02-06 11:18:59 - [MESSAGE][PASSED] - Text 'Abigail2014' is set on object 'Object Repository/Page_Login  Schoolcomms/input_memorabledata'

2018-02-06 11:18:59 - [TEST_STEP][PASSED] - setText: Text 'Isabel2011' is set on object 'Object Repository/Page_Login  Schoolcomms/input_password'

2018-02-06 11:18:59 - [MESSAGE][PASSED] - Text 'Isabel2011' is set on object 'Object Repository/Page_Login  Schoolcomms/input_password'

2018-02-06 11:18:59 - [TEST_STEP][PASSED] - click: Object: 'Object Repository/Page_Login  Schoolcomms/button_LOG IN' is clicked on

2018-02-06 11:19:05 - [MESSAGE][PASSED] - Object: 'Object Repository/Page_Login  Schoolcomms/button_LOG IN' is clicked on

2018-02-06 11:19:05 - [TEST_STEP][PASSED] - navigateToUrl: Navigate to 'http://labs.schoolcomms.com/payments/active' successfully

2018-02-06 11:19:08 - [MESSAGE][PASSED] - Navigate to 'http://labs.schoolcomms.com/payments/active' successfully

2018-02-06 11:19:08 - [TEST_STEP][PASSED] - waitForPageLoad: Wait for page load successfully

2018-02-06 11:19:08 - [MESSAGE][WARNING] - Timeout '0' is invalid. Using default page load timeout: '30'

2018-02-06 11:19:08 - [MESSAGE][PASSED] - Wait for page load successfully

2018-02-06 11:19:08 - [TEST_STEP][PASSED] - Statement - url = com.kms.katalon.core.webui.keyword.WebUiBuiltInKeywords.getUrl(): Current window's url is: 'https://labs.schoolcomms.com/payments/active'

2018-02-06 11:19:08 - [MESSAGE][PASSED] - Current window's url is: 'https://labs.schoolcomms.com/payments/active'

2018-02-06 11:19:08 - [TEST_STEP][PASSED] - verifyEqual: Actual object 'https://labs.schoolcomms.com/payments/active' and expected object 'https://labs.schoolcomms.com/payments/active' are equal

2018-02-06 11:19:08 - [MESSAGE][PASSED] - Actual object 'https://labs.schoolcomms.com/payments/active' and expected object 'https://labs.schoolcomms.com/payments/active' are equal

2018-02-06 11:19:08 - [TEST_STEP][PASSED] - takeScreenshot: Taking screenshot successfully

2018-02-06 11:19:08 - [MESSAGE][PASSED] - Taking screenshot successfully
[[ATTACHMENT|C:\\Users\\AndyHillier\\Desktop\\Katalon\\Release Checks Project\\SOTW Release Checks\\SOTW Release Checks\\Reports\\Release Checks\\20180206_111829\\1517915948599.png]]

2018-02-06 11:19:08 - [TEST_STEP][PASSED] - closeBrowser: Browser is closed

2018-02-06 11:19:09 - [MESSAGE][PASSED] - Browser is closed]]></system-out>
         <system-err><![CDATA[]]></system-err>
      </testcase>
      <testcase name="Test Cases/Error Page" classname="Test Cases/Error Page" status="PASSED">
         <system-out><![CDATA[2018-02-06 11:19:09 - [TEST_CASE][PASSED] - Test Cases/Error Page: Test Cases/Error Page

2018-02-06 11:19:10 - [TEST_STEP][PASSED] - openBrowser: Browser is opened with url: 'https://labs.schoolcomms.com/payments/;alskdfj'

2018-02-06 11:19:17 - [MESSAGE][PASSED] - Browser is opened with url: 'https://labs.schoolcomms.com/payments/;alskdfj'

2018-02-06 11:19:17 - [TEST_STEP][PASSED] - setText: Text 'SupportJamieGA' is set on object 'Object Repository/Page_Login  Schoolcomms/input_Username'

2018-02-06 11:19:17 - [MESSAGE][PASSED] - Text 'SupportJamieGA' is set on object 'Object Repository/Page_Login  Schoolcomms/input_Username'

2018-02-06 11:19:17 - [TEST_STEP][PASSED] - setText: Text 'Summ3r16' is set on object 'Object Repository/Page_Login  Schoolcomms/input_memorabledata'

2018-02-06 11:19:17 - [MESSAGE][PASSED] - Text 'Summ3r16' is set on object 'Object Repository/Page_Login  Schoolcomms/input_memorabledata'

2018-02-06 11:19:17 - [TEST_STEP][PASSED] - setText: Text 'H0lid4ys' is set on object 'Object Repository/Page_Login  Schoolcomms/input_password'

2018-02-06 11:19:17 - [MESSAGE][PASSED] - Text 'H0lid4ys' is set on object 'Object Repository/Page_Login  Schoolcomms/input_password'

2018-02-06 11:19:17 - [TEST_STEP][PASSED] - click: Object: 'Object Repository/Page_Login  Schoolcomms/button_LOG IN' is clicked on

2018-02-06 11:19:18 - [MESSAGE][PASSED] - Object: 'Object Repository/Page_Login  Schoolcomms/button_LOG IN' is clicked on

2018-02-06 11:19:18 - [TEST_STEP][PASSED] - takeScreenshot: Taking screenshot successfully

2018-02-06 11:19:18 - [MESSAGE][PASSED] - Taking screenshot successfully
[[ATTACHMENT|C:\\Users\\AndyHillier\\Desktop\\Katalon\\Release Checks Project\\SOTW Release Checks\\SOTW Release Checks\\Reports\\Release Checks\\20180206_111829\\/Users/AndyHillier/Desktop/error_page.png]]

2018-02-06 11:19:18 - [TEST_STEP][PASSED] - getUrl: Current window's url is: 'https://labs.schoolcomms.com/payments/;alskdfj'

2018-02-06 11:19:18 - [MESSAGE][PASSED] - Current window's url is: 'https://labs.schoolcomms.com/payments/;alskdfj']]></system-out>
         <system-err><![CDATA[]]></system-err>
      </testcase>
      <testcase name="Test Cases/HTTPS Redirect - Not Logged In - Labs" classname="Test Cases/HTTPS Redirect - Not Logged In - Labs" status="PASSED">
         <system-out><![CDATA[2018-02-06 11:19:18 - [TEST_CASE][PASSED] - Test Cases/HTTPS Redirect - Not Logged In - Labs: Test Cases/HTTPS Redirect - Not Logged In - Labs

2018-02-06 11:19:19 - [TEST_STEP][PASSED] - openBrowser: Browser is opened with url: 'www.google.co.uk'

2018-02-06 11:19:19 - [MESSAGE][WARNING] - A browser is already opened. Closing browser and opening a new one

2018-02-06 11:19:28 - [MESSAGE][PASSED] - Browser is opened with url: 'www.google.co.uk'

2018-02-06 11:19:28 - [TEST_STEP][PASSED] - navigateToUrl: Navigate to 'http://labs.schoolcomms.com/messaging' successfully

2018-02-06 11:19:29 - [MESSAGE][PASSED] - Navigate to 'http://labs.schoolcomms.com/messaging' successfully

2018-02-06 11:19:29 - [TEST_STEP][PASSED] - waitForPageLoad: Wait for page load successfully

2018-02-06 11:19:29 - [MESSAGE][WARNING] - Timeout '0' is invalid. Using default page load timeout: '30'

2018-02-06 11:19:29 - [MESSAGE][PASSED] - Wait for page load successfully

2018-02-06 11:19:29 - [TEST_STEP][PASSED] - Statement - url = com.kms.katalon.core.webui.keyword.WebUiBuiltInKeywords.getUrl(): Current window's url is: 'https://labs.schoolcomms.com/login?ReturnUrl=%2fmessaging'

2018-02-06 11:19:29 - [MESSAGE][PASSED] - Current window's url is: 'https://labs.schoolcomms.com/login?ReturnUrl=%2fmessaging'

2018-02-06 11:19:29 - [TEST_STEP][PASSED] - verifyEqual: Actual object 'https://labs.schoolcomms.com/login?ReturnUrl=%2fmessaging' and expected object 'https://labs.schoolcomms.com/login?ReturnUrl=%2fmessaging' are equal

2018-02-06 11:19:29 - [MESSAGE][PASSED] - Actual object 'https://labs.schoolcomms.com/login?ReturnUrl=%2fmessaging' and expected object 'https://labs.schoolcomms.com/login?ReturnUrl=%2fmessaging' are equal

2018-02-06 11:19:29 - [TEST_STEP][PASSED] - closeBrowser: Browser is closed

2018-02-06 11:19:29 - [MESSAGE][PASSED] - Browser is closed]]></system-out>
         <system-err><![CDATA[]]></system-err>
      </testcase>
      <testcase name="Test Cases/Remember Me" classname="Test Cases/Remember Me" status="PASSED">
         <system-out><![CDATA[2018-02-06 11:19:29 - [TEST_CASE][PASSED] - Test Cases/Remember Me: Test Cases/Remember Me

2018-02-06 11:19:30 - [TEST_STEP][PASSED] - openBrowser: Browser is opened with url: 'https://labs.schoolcomms.com/payments'

2018-02-06 11:19:35 - [MESSAGE][PASSED] - Browser is opened with url: 'https://labs.schoolcomms.com/payments'

2018-02-06 11:19:35 - [TEST_STEP][PASSED] - setText: Text 'SupportJamieGA' is set on object 'Object Repository/Page_Login  Schoolcomms/input_Username'

2018-02-06 11:19:35 - [MESSAGE][PASSED] - Text 'SupportJamieGA' is set on object 'Object Repository/Page_Login  Schoolcomms/input_Username'

2018-02-06 11:19:35 - [TEST_STEP][PASSED] - setText: Text 'Summ3r16' is set on object 'Object Repository/Page_Login  Schoolcomms/input_memorabledata'

2018-02-06 11:19:35 - [MESSAGE][PASSED] - Text 'Summ3r16' is set on object 'Object Repository/Page_Login  Schoolcomms/input_memorabledata'

2018-02-06 11:19:35 - [TEST_STEP][PASSED] - setText: Text 'H0lid4ys' is set on object 'Object Repository/Page_Login  Schoolcomms/input_password'

2018-02-06 11:19:36 - [MESSAGE][PASSED] - Text 'H0lid4ys' is set on object 'Object Repository/Page_Login  Schoolcomms/input_password'

2018-02-06 11:19:36 - [TEST_STEP][PASSED] - click: Object: 'Object Repository/Page_Login  Schoolcomms/button_LOG IN' is clicked on

2018-02-06 11:19:38 - [MESSAGE][PASSED] - Object: 'Object Repository/Page_Login  Schoolcomms/button_LOG IN' is clicked on

2018-02-06 11:19:38 - [TEST_STEP][PASSED] - click: Object: 'Object Repository/Page_Active Payments  Schoolcomms/div_SupportJamieGA' is clicked on

2018-02-06 11:19:39 - [MESSAGE][PASSED] - Object: 'Object Repository/Page_Active Payments  Schoolcomms/div_SupportJamieGA' is clicked on

2018-02-06 11:19:39 - [TEST_STEP][PASSED] - delay: Delayed 1 second(s)

2018-02-06 11:19:40 - [MESSAGE][PASSED] - Delayed 1 second(s)

2018-02-06 11:19:40 - [TEST_STEP][PASSED] - click: Object: 'Object Repository/Page_Active Payments  Schoolcomms/li_Log out' is clicked on

2018-02-06 11:19:41 - [MESSAGE][PASSED] - Object: 'Object Repository/Page_Active Payments  Schoolcomms/li_Log out' is clicked on

2018-02-06 11:19:41 - [TEST_STEP][PASSED] - verifyElementAttributeValue: Object 'Object Repository/Page_Login  Schoolcomms/input_Username' has attribute 'Value' with value ''

2018-02-06 11:19:41 - [MESSAGE][WARNING] - Timeout '0' is invalid. Using default page load timeout: '30'

2018-02-06 11:19:41 - [MESSAGE][PASSED] - Object 'Object Repository/Page_Login  Schoolcomms/input_Username' has attribute 'Value' with value ''

2018-02-06 11:19:41 - [TEST_STEP][PASSED] - setText: Text 'SupportJamieGA' is set on object 'Object Repository/Page_Login  Schoolcomms/input_Username'

2018-02-06 11:19:41 - [MESSAGE][PASSED] - Text 'SupportJamieGA' is set on object 'Object Repository/Page_Login  Schoolcomms/input_Username'

2018-02-06 11:19:41 - [TEST_STEP][PASSED] - setText: Text 'Summ3r16' is set on object 'Object Repository/Page_Login  Schoolcomms/input_memorabledata'

2018-02-06 11:19:41 - [MESSAGE][PASSED] - Text 'Summ3r16' is set on object 'Object Repository/Page_Login  Schoolcomms/input_memorabledata'

2018-02-06 11:19:41 - [TEST_STEP][PASSED] - setText: Text 'H0lid4ys' is set on object 'Object Repository/Page_Login  Schoolcomms/input_password'

2018-02-06 11:19:41 - [MESSAGE][PASSED] - Text 'H0lid4ys' is set on object 'Object Repository/Page_Login  Schoolcomms/input_password'

2018-02-06 11:19:41 - [TEST_STEP][PASSED] - click: Object: 'Object Repository/Page_Login  Schoolcomms/i_fa fa-square-o' is clicked on

2018-02-06 11:19:41 - [MESSAGE][PASSED] - Object: 'Object Repository/Page_Login  Schoolcomms/i_fa fa-square-o' is clicked on

2018-02-06 11:19:41 - [TEST_STEP][PASSED] - click: Object: 'Object Repository/Page_Login  Schoolcomms/button_LOG IN' is clicked on

2018-02-06 11:19:43 - [MESSAGE][PASSED] - Object: 'Object Repository/Page_Login  Schoolcomms/button_LOG IN' is clicked on

2018-02-06 11:19:43 - [TEST_STEP][PASSED] - click: Object: 'Object Repository/Page_Active Payments  Schoolcomms/div_SupportJamieGA' is clicked on

2018-02-06 11:19:44 - [MESSAGE][PASSED] - Object: 'Object Repository/Page_Active Payments  Schoolcomms/div_SupportJamieGA' is clicked on

2018-02-06 11:19:44 - [TEST_STEP][PASSED] - delay: Delayed 1 second(s)

2018-02-06 11:19:45 - [MESSAGE][PASSED] - Delayed 1 second(s)

2018-02-06 11:19:45 - [TEST_STEP][PASSED] - click: Object: 'Object Repository/Page_Active Payments  Schoolcomms/li_Log out' is clicked on

2018-02-06 11:19:46 - [MESSAGE][PASSED] - Object: 'Object Repository/Page_Active Payments  Schoolcomms/li_Log out' is clicked on

2018-02-06 11:19:46 - [TEST_STEP][PASSED] - verifyElementAttributeValue: Object 'Object Repository/Page_Login  Schoolcomms/input_Username' has attribute 'Value' with value 'SupportJamieGA'

2018-02-06 11:19:46 - [MESSAGE][WARNING] - Timeout '0' is invalid. Using default page load timeout: '30'

2018-02-06 11:19:46 - [MESSAGE][PASSED] - Object 'Object Repository/Page_Login  Schoolcomms/input_Username' has attribute 'Value' with value 'SupportJamieGA']]></system-out>
         <system-err><![CDATA[]]></system-err>
      </testcase>
      <testcase name="Test Cases/HTTPS Redirect - Logged In - LIVE" classname="Test Cases/HTTPS Redirect - Logged In - LIVE" status="PASSED">
         <system-out><![CDATA[2018-02-06 11:19:46 - [TEST_CASE][PASSED] - Test Cases/HTTPS Redirect - Logged In - LIVE: Test Cases/HTTPS Redirect - Logged In - LIVE

2018-02-06 11:19:46 - [TEST_STEP][PASSED] - openBrowser: Browser is opened with url: ''

2018-02-06 11:19:46 - [MESSAGE][WARNING] - A browser is already opened. Closing browser and opening a new one

2018-02-06 11:19:53 - [MESSAGE][PASSED] - Browser is opened with url: ''

2018-02-06 11:19:53 - [TEST_STEP][PASSED] - navigateToUrl: Navigate to 'https://app.schoolcomms.com/login?ReturnUrl=%2fmessaging' successfully

2018-02-06 11:19:54 - [MESSAGE][PASSED] - Navigate to 'https://app.schoolcomms.com/login?ReturnUrl=%2fmessaging' successfully

2018-02-06 11:19:54 - [TEST_STEP][PASSED] - doubleClick: Object: 'Object Repository/Page_Login  Schoolcomms/input_Username' is double clicked on

2018-02-06 11:19:54 - [MESSAGE][PASSED] - Object: 'Object Repository/Page_Login  Schoolcomms/input_Username' is double clicked on

2018-02-06 11:19:54 - [TEST_STEP][PASSED] - setText: Text 'Hillier82' is set on object 'Object Repository/Page_Login  Schoolcomms/input_Username'

2018-02-06 11:19:55 - [MESSAGE][PASSED] - Text 'Hillier82' is set on object 'Object Repository/Page_Login  Schoolcomms/input_Username'

2018-02-06 11:19:55 - [TEST_STEP][PASSED] - setText: Text 'Abigail2014' is set on object 'Object Repository/Page_Login  Schoolcomms/input_memorabledata'

2018-02-06 11:19:55 - [MESSAGE][PASSED] - Text 'Abigail2014' is set on object 'Object Repository/Page_Login  Schoolcomms/input_memorabledata'

2018-02-06 11:19:55 - [TEST_STEP][PASSED] - setText: Text 'Isabel2011' is set on object 'Object Repository/Page_Login  Schoolcomms/input_password'

2018-02-06 11:19:55 - [MESSAGE][PASSED] - Text 'Isabel2011' is set on object 'Object Repository/Page_Login  Schoolcomms/input_password'

2018-02-06 11:19:55 - [TEST_STEP][PASSED] - click: Object: 'Object Repository/Page_Login  Schoolcomms/button_LOG IN' is clicked on

2018-02-06 11:19:58 - [MESSAGE][PASSED] - Object: 'Object Repository/Page_Login  Schoolcomms/button_LOG IN' is clicked on

2018-02-06 11:19:58 - [TEST_STEP][PASSED] - navigateToUrl: Navigate to 'http://app.schoolcomms.com/payments/active' successfully

2018-02-06 11:20:00 - [MESSAGE][PASSED] - Navigate to 'http://app.schoolcomms.com/payments/active' successfully

2018-02-06 11:20:00 - [TEST_STEP][PASSED] - waitForPageLoad: Wait for page load successfully

2018-02-06 11:20:00 - [MESSAGE][WARNING] - Timeout '0' is invalid. Using default page load timeout: '30'

2018-02-06 11:20:00 - [MESSAGE][PASSED] - Wait for page load successfully

2018-02-06 11:20:00 - [TEST_STEP][PASSED] - Statement - url = com.kms.katalon.core.webui.keyword.WebUiBuiltInKeywords.getUrl(): Current window's url is: 'https://app.schoolcomms.com/payments/active'

2018-02-06 11:20:00 - [MESSAGE][PASSED] - Current window's url is: 'https://app.schoolcomms.com/payments/active'

2018-02-06 11:20:00 - [TEST_STEP][PASSED] - verifyEqual: Actual object 'https://app.schoolcomms.com/payments/active' and expected object 'https://app.schoolcomms.com/payments/active' are equal

2018-02-06 11:20:00 - [MESSAGE][PASSED] - Actual object 'https://app.schoolcomms.com/payments/active' and expected object 'https://app.schoolcomms.com/payments/active' are equal

2018-02-06 11:20:00 - [TEST_STEP][PASSED] - takeScreenshot: Taking screenshot successfully

2018-02-06 11:20:00 - [MESSAGE][PASSED] - Taking screenshot successfully
[[ATTACHMENT|C:\\Users\\AndyHillier\\Desktop\\Katalon\\Release Checks Project\\SOTW Release Checks\\SOTW Release Checks\\Reports\\Release Checks\\20180206_111829\\1517916000570.png]]

2018-02-06 11:20:00 - [TEST_STEP][PASSED] - closeBrowser: Browser is closed

2018-02-06 11:20:01 - [MESSAGE][PASSED] - Browser is closed]]></system-out>
         <system-err><![CDATA[]]></system-err>
      </testcase>
      <system-out><![CDATA[2018-02-06 11:18:34 - [TEST_SUITE][PASSED] - Release Checks: Test Cases/HTTPS Redirect - Logged In - LIVE]]></system-out>
      <system-err><![CDATA[]]></system-err>
   </testsuite>
</testsuites>
