<?xml version="1.0" encoding="UTF-8"?>
<testsuites name="Release Checks" time="63" tests="6" failures="0" errors="0">
   <testsuite name="Release Checks" tests="6" failures="0" errors="0" time="63" timestamp="2018-02-05 15:16:24" hostname="jamiefairlie - 192.168.1.111" id="Test Suites/Release Checks">
      <properties>
         <property name="deviceName" value=""/>
         <property name="devicePlatform" value=""/>
         <property name="logFolder" value="/Users/jamiefairlie/Katalon Studio/SOTW Release Checks/Reports/Release Checks/20180205_151620"/>
         <property name="logFiles" value="/Users/jamiefairlie/Katalon Studio/SOTW Release Checks/Reports/Release Checks/20180205_151620/execution0.log"/>
         <property name="attachments" value="/Users/jamiefairlie/Katalon Studio/SOTW Release Checks/Reports/Release Checks/20180205_151620/1517843815266.png, /Users/jamiefairlie/Desktop/error_page.png, /Users/jamiefairlie/Katalon Studio/SOTW Release Checks/Reports/Release Checks/20180205_151620/1517843847276.png"/>
         <property name="hostName" value="jamiefairlie - 192.168.1.111"/>
         <property name="os" value="Mac OS X 64bit"/>
         <property name="katalonVersion" value="5.3.0.1"/>
         <property name="browser" value="Firefox 57.0"/>
         <property name="hostAddress" value="192.168.1.111"/>
         <property name="sessionId" value="3055528f-beda-2c44-9f86-3a41883fcd31"/>
         <property name="seleniumVersion" value="3.7.1"/>
         <property name="proxyInformation" value="ProxyInformation{proxyOption=NO_PROXY, proxyServerType=HTTP, password=, proxyServerAddress=, proxyServerPort=0}"/>
         <property name="platform" value="Mac OS X"/>
      </properties>
      <testcase name="Test Cases/HTTPS Redirect - Not Logged In - LIVE" classname="Test Cases/HTTPS Redirect - Not Logged In - LIVE" status="PASSED">
         <system-out><![CDATA[2018-02-05 15:16:24 - [TEST_CASE][PASSED] - Test Cases/HTTPS Redirect - Not Logged In - LIVE: Test Cases/HTTPS Redirect - Not Logged In - LIVE

2018-02-05 15:16:25 - [TEST_STEP][PASSED] - openBrowser: Browser is opened with url: 'www.google.co.uk'

2018-02-05 15:16:33 - [MESSAGE][PASSED] - Browser is opened with url: 'www.google.co.uk'

2018-02-05 15:16:33 - [TEST_STEP][PASSED] - navigateToUrl: Navigate to 'http://app.schoolcomms.com/messaging' successfully

2018-02-05 15:16:34 - [MESSAGE][PASSED] - Navigate to 'http://app.schoolcomms.com/messaging' successfully

2018-02-05 15:16:34 - [TEST_STEP][PASSED] - waitForPageLoad: Wait for page load successfully

2018-02-05 15:16:34 - [MESSAGE][WARNING] - Timeout '0' is invalid. Using default page load timeout: '30'

2018-02-05 15:16:34 - [MESSAGE][PASSED] - Wait for page load successfully

2018-02-05 15:16:34 - [TEST_STEP][PASSED] - Statement - url = com.kms.katalon.core.webui.keyword.WebUiBuiltInKeywords.getUrl(): Current window's url is: 'https://app.schoolcomms.com/login?ReturnUrl=%2fmessaging'

2018-02-05 15:16:34 - [MESSAGE][PASSED] - Current window's url is: 'https://app.schoolcomms.com/login?ReturnUrl=%2fmessaging'

2018-02-05 15:16:34 - [TEST_STEP][PASSED] - verifyEqual: Actual object 'https://app.schoolcomms.com/login?ReturnUrl=%2fmessaging' and expected object 'https://app.schoolcomms.com/login?ReturnUrl=%2fmessaging' are equal

2018-02-05 15:16:34 - [MESSAGE][PASSED] - Actual object 'https://app.schoolcomms.com/login?ReturnUrl=%2fmessaging' and expected object 'https://app.schoolcomms.com/login?ReturnUrl=%2fmessaging' are equal

2018-02-05 15:16:34 - [TEST_STEP][PASSED] - closeBrowser: Browser is closed

2018-02-05 15:16:34 - [MESSAGE][PASSED] - Browser is closed]]></system-out>
         <system-err><![CDATA[]]></system-err>
      </testcase>
      <testcase name="Test Cases/HTTPS Redirect - Logged In - Labs" classname="Test Cases/HTTPS Redirect - Logged In - Labs" status="PASSED">
         <system-out><![CDATA[2018-02-05 15:16:34 - [TEST_CASE][PASSED] - Test Cases/HTTPS Redirect - Logged In - Labs: Test Cases/HTTPS Redirect - Logged In - Labs

2018-02-05 15:16:35 - [TEST_STEP][PASSED] - openBrowser: Browser is opened with url: ''

2018-02-05 15:16:38 - [MESSAGE][PASSED] - Browser is opened with url: ''

2018-02-05 15:16:38 - [TEST_STEP][PASSED] - navigateToUrl: Navigate to 'https://labs.schoolcomms.com/login?ReturnUrl=%2fmessaging' successfully

2018-02-05 15:16:42 - [MESSAGE][PASSED] - Navigate to 'https://labs.schoolcomms.com/login?ReturnUrl=%2fmessaging' successfully

2018-02-05 15:16:42 - [TEST_STEP][PASSED] - doubleClick: Object: 'Object Repository/Page_Login  Schoolcomms/input_Username' is double clicked on

2018-02-05 15:16:42 - [MESSAGE][PASSED] - Object: 'Object Repository/Page_Login  Schoolcomms/input_Username' is double clicked on

2018-02-05 15:16:42 - [TEST_STEP][PASSED] - setText: Text 'Hillier82' is set on object 'Object Repository/Page_Login  Schoolcomms/input_Username'

2018-02-05 15:16:42 - [MESSAGE][PASSED] - Text 'Hillier82' is set on object 'Object Repository/Page_Login  Schoolcomms/input_Username'

2018-02-05 15:16:42 - [TEST_STEP][PASSED] - setText: Text 'Abigail2014' is set on object 'Object Repository/Page_Login  Schoolcomms/input_memorabledata'

2018-02-05 15:16:42 - [MESSAGE][PASSED] - Text 'Abigail2014' is set on object 'Object Repository/Page_Login  Schoolcomms/input_memorabledata'

2018-02-05 15:16:42 - [TEST_STEP][PASSED] - setText: Text 'Isabel2011' is set on object 'Object Repository/Page_Login  Schoolcomms/input_password'

2018-02-05 15:16:42 - [MESSAGE][PASSED] - Text 'Isabel2011' is set on object 'Object Repository/Page_Login  Schoolcomms/input_password'

2018-02-05 15:16:42 - [TEST_STEP][PASSED] - click: Object: 'Object Repository/Page_Login  Schoolcomms/button_LOG IN' is clicked on

2018-02-05 15:16:48 - [MESSAGE][PASSED] - Object: 'Object Repository/Page_Login  Schoolcomms/button_LOG IN' is clicked on

2018-02-05 15:16:48 - [TEST_STEP][PASSED] - navigateToUrl: Navigate to 'http://labs.schoolcomms.com/payments/active' successfully

2018-02-05 15:16:55 - [MESSAGE][PASSED] - Navigate to 'http://labs.schoolcomms.com/payments/active' successfully

2018-02-05 15:16:55 - [TEST_STEP][PASSED] - waitForPageLoad: Wait for page load successfully

2018-02-05 15:16:55 - [MESSAGE][WARNING] - Timeout '0' is invalid. Using default page load timeout: '30'

2018-02-05 15:16:55 - [MESSAGE][PASSED] - Wait for page load successfully

2018-02-05 15:16:55 - [TEST_STEP][PASSED] - Statement - url = com.kms.katalon.core.webui.keyword.WebUiBuiltInKeywords.getUrl(): Current window's url is: 'https://labs.schoolcomms.com/payments/active'

2018-02-05 15:16:55 - [MESSAGE][PASSED] - Current window's url is: 'https://labs.schoolcomms.com/payments/active'

2018-02-05 15:16:55 - [TEST_STEP][PASSED] - verifyEqual: Actual object 'https://labs.schoolcomms.com/payments/active' and expected object 'https://labs.schoolcomms.com/payments/active' are equal

2018-02-05 15:16:55 - [MESSAGE][PASSED] - Actual object 'https://labs.schoolcomms.com/payments/active' and expected object 'https://labs.schoolcomms.com/payments/active' are equal

2018-02-05 15:16:55 - [TEST_STEP][PASSED] - takeScreenshot: Taking screenshot successfully

2018-02-05 15:16:55 - [MESSAGE][PASSED] - Taking screenshot successfully
[[ATTACHMENT|/Users/jamiefairlie/Katalon Studio/SOTW Release Checks/Reports/Release Checks/20180205_151620/1517843815266.png]]

2018-02-05 15:16:55 - [TEST_STEP][PASSED] - closeBrowser: Browser is closed

2018-02-05 15:16:55 - [MESSAGE][PASSED] - Browser is closed]]></system-out>
         <system-err><![CDATA[]]></system-err>
      </testcase>
      <testcase name="Test Cases/Error Page" classname="Test Cases/Error Page" status="PASSED">
         <system-out><![CDATA[2018-02-05 15:16:55 - [TEST_CASE][PASSED] - Test Cases/Error Page: Test Cases/Error Page

2018-02-05 15:16:55 - [TEST_STEP][PASSED] - openBrowser: Browser is opened with url: 'https://labs.schoolcomms.com/payments/;alskdfj'

2018-02-05 15:16:59 - [MESSAGE][PASSED] - Browser is opened with url: 'https://labs.schoolcomms.com/payments/;alskdfj'

2018-02-05 15:16:59 - [TEST_STEP][PASSED] - setText: Text 'SupportJamieGA' is set on object 'Object Repository/Page_Login  Schoolcomms/input_Username'

2018-02-05 15:17:00 - [MESSAGE][PASSED] - Text 'SupportJamieGA' is set on object 'Object Repository/Page_Login  Schoolcomms/input_Username'

2018-02-05 15:17:00 - [TEST_STEP][PASSED] - setText: Text 'Summ3r16' is set on object 'Object Repository/Page_Login  Schoolcomms/input_memorabledata'

2018-02-05 15:17:00 - [MESSAGE][PASSED] - Text 'Summ3r16' is set on object 'Object Repository/Page_Login  Schoolcomms/input_memorabledata'

2018-02-05 15:17:00 - [TEST_STEP][PASSED] - setText: Text 'H0lid4ys' is set on object 'Object Repository/Page_Login  Schoolcomms/input_password'

2018-02-05 15:17:00 - [MESSAGE][PASSED] - Text 'H0lid4ys' is set on object 'Object Repository/Page_Login  Schoolcomms/input_password'

2018-02-05 15:17:00 - [TEST_STEP][PASSED] - click: Object: 'Object Repository/Page_Login  Schoolcomms/button_LOG IN' is clicked on

2018-02-05 15:17:01 - [MESSAGE][PASSED] - Object: 'Object Repository/Page_Login  Schoolcomms/button_LOG IN' is clicked on

2018-02-05 15:17:01 - [TEST_STEP][PASSED] - takeScreenshot: Taking screenshot successfully

2018-02-05 15:17:01 - [MESSAGE][PASSED] - Taking screenshot successfully
[[ATTACHMENT|/Users/jamiefairlie/Desktop/error_page.png]]

2018-02-05 15:17:01 - [TEST_STEP][PASSED] - getUrl: Current window's url is: 'https://labs.schoolcomms.com/payments/;alskdfj'

2018-02-05 15:17:01 - [MESSAGE][PASSED] - Current window's url is: 'https://labs.schoolcomms.com/payments/;alskdfj']]></system-out>
         <system-err><![CDATA[]]></system-err>
      </testcase>
      <testcase name="Test Cases/HTTPS Redirect - Not Logged In - Labs" classname="Test Cases/HTTPS Redirect - Not Logged In - Labs" status="PASSED">
         <system-out><![CDATA[2018-02-05 15:17:01 - [TEST_CASE][PASSED] - Test Cases/HTTPS Redirect - Not Logged In - Labs: Test Cases/HTTPS Redirect - Not Logged In - Labs

2018-02-05 15:17:01 - [TEST_STEP][PASSED] - openBrowser: Browser is opened with url: 'www.google.co.uk'

2018-02-05 15:17:01 - [MESSAGE][WARNING] - A browser is already opened. Closing browser and opening a new one

2018-02-05 15:17:06 - [MESSAGE][PASSED] - Browser is opened with url: 'www.google.co.uk'

2018-02-05 15:17:06 - [TEST_STEP][PASSED] - navigateToUrl: Navigate to 'http://labs.schoolcomms.com/messaging' successfully

2018-02-05 15:17:06 - [MESSAGE][PASSED] - Navigate to 'http://labs.schoolcomms.com/messaging' successfully

2018-02-05 15:17:06 - [TEST_STEP][PASSED] - waitForPageLoad: Wait for page load successfully

2018-02-05 15:17:06 - [MESSAGE][WARNING] - Timeout '0' is invalid. Using default page load timeout: '30'

2018-02-05 15:17:06 - [MESSAGE][PASSED] - Wait for page load successfully

2018-02-05 15:17:06 - [TEST_STEP][PASSED] - Statement - url = com.kms.katalon.core.webui.keyword.WebUiBuiltInKeywords.getUrl(): Current window's url is: 'https://labs.schoolcomms.com/login?ReturnUrl=%2fmessaging'

2018-02-05 15:17:06 - [MESSAGE][PASSED] - Current window's url is: 'https://labs.schoolcomms.com/login?ReturnUrl=%2fmessaging'

2018-02-05 15:17:06 - [TEST_STEP][PASSED] - verifyEqual: Actual object 'https://labs.schoolcomms.com/login?ReturnUrl=%2fmessaging' and expected object 'https://labs.schoolcomms.com/login?ReturnUrl=%2fmessaging' are equal

2018-02-05 15:17:06 - [MESSAGE][PASSED] - Actual object 'https://labs.schoolcomms.com/login?ReturnUrl=%2fmessaging' and expected object 'https://labs.schoolcomms.com/login?ReturnUrl=%2fmessaging' are equal

2018-02-05 15:17:06 - [TEST_STEP][PASSED] - closeBrowser: Browser is closed

2018-02-05 15:17:07 - [MESSAGE][PASSED] - Browser is closed]]></system-out>
         <system-err><![CDATA[]]></system-err>
      </testcase>
      <testcase name="Test Cases/Remember Me" classname="Test Cases/Remember Me" status="PASSED">
         <system-out><![CDATA[2018-02-05 15:17:07 - [TEST_CASE][PASSED] - Test Cases/Remember Me: Test Cases/Remember Me

2018-02-05 15:17:07 - [TEST_STEP][PASSED] - openBrowser: Browser is opened with url: 'https://labs.schoolcomms.com/payments'

2018-02-05 15:17:10 - [MESSAGE][PASSED] - Browser is opened with url: 'https://labs.schoolcomms.com/payments'

2018-02-05 15:17:10 - [TEST_STEP][PASSED] - setText: Text 'SupportJamieGA' is set on object 'Object Repository/Page_Login  Schoolcomms/input_Username'

2018-02-05 15:17:11 - [MESSAGE][PASSED] - Text 'SupportJamieGA' is set on object 'Object Repository/Page_Login  Schoolcomms/input_Username'

2018-02-05 15:17:11 - [TEST_STEP][PASSED] - setText: Text 'Summ3r16' is set on object 'Object Repository/Page_Login  Schoolcomms/input_memorabledata'

2018-02-05 15:17:11 - [MESSAGE][PASSED] - Text 'Summ3r16' is set on object 'Object Repository/Page_Login  Schoolcomms/input_memorabledata'

2018-02-05 15:17:11 - [TEST_STEP][PASSED] - setText: Text 'H0lid4ys' is set on object 'Object Repository/Page_Login  Schoolcomms/input_password'

2018-02-05 15:17:11 - [MESSAGE][PASSED] - Text 'H0lid4ys' is set on object 'Object Repository/Page_Login  Schoolcomms/input_password'

2018-02-05 15:17:11 - [TEST_STEP][PASSED] - click: Object: 'Object Repository/Page_Login  Schoolcomms/button_LOG IN' is clicked on

2018-02-05 15:17:12 - [MESSAGE][PASSED] - Object: 'Object Repository/Page_Login  Schoolcomms/button_LOG IN' is clicked on

2018-02-05 15:17:12 - [TEST_STEP][PASSED] - click: Object: 'Object Repository/Page_Active Payments  Schoolcomms/div_SupportJamieGA' is clicked on

2018-02-05 15:17:13 - [MESSAGE][PASSED] - Object: 'Object Repository/Page_Active Payments  Schoolcomms/div_SupportJamieGA' is clicked on

2018-02-05 15:17:13 - [TEST_STEP][PASSED] - delay: Delayed 1 second(s)

2018-02-05 15:17:14 - [MESSAGE][PASSED] - Delayed 1 second(s)

2018-02-05 15:17:14 - [TEST_STEP][PASSED] - click: Object: 'Object Repository/Page_Active Payments  Schoolcomms/li_Log out' is clicked on

2018-02-05 15:17:14 - [MESSAGE][PASSED] - Object: 'Object Repository/Page_Active Payments  Schoolcomms/li_Log out' is clicked on

2018-02-05 15:17:14 - [TEST_STEP][PASSED] - verifyElementAttributeValue: Object 'Object Repository/Page_Login  Schoolcomms/input_Username' has attribute 'Value' with value ''

2018-02-05 15:17:14 - [MESSAGE][WARNING] - Timeout '0' is invalid. Using default page load timeout: '30'

2018-02-05 15:17:14 - [MESSAGE][PASSED] - Object 'Object Repository/Page_Login  Schoolcomms/input_Username' has attribute 'Value' with value ''

2018-02-05 15:17:14 - [TEST_STEP][PASSED] - setText: Text 'SupportJamieGA' is set on object 'Object Repository/Page_Login  Schoolcomms/input_Username'

2018-02-05 15:17:14 - [MESSAGE][PASSED] - Text 'SupportJamieGA' is set on object 'Object Repository/Page_Login  Schoolcomms/input_Username'

2018-02-05 15:17:14 - [TEST_STEP][PASSED] - setText: Text 'Summ3r16' is set on object 'Object Repository/Page_Login  Schoolcomms/input_memorabledata'

2018-02-05 15:17:14 - [MESSAGE][PASSED] - Text 'Summ3r16' is set on object 'Object Repository/Page_Login  Schoolcomms/input_memorabledata'

2018-02-05 15:17:14 - [TEST_STEP][PASSED] - setText: Text 'H0lid4ys' is set on object 'Object Repository/Page_Login  Schoolcomms/input_password'

2018-02-05 15:17:14 - [MESSAGE][PASSED] - Text 'H0lid4ys' is set on object 'Object Repository/Page_Login  Schoolcomms/input_password'

2018-02-05 15:17:14 - [TEST_STEP][PASSED] - click: Object: 'Object Repository/Page_Login  Schoolcomms/i_fa fa-square-o' is clicked on

2018-02-05 15:17:15 - [MESSAGE][PASSED] - Object: 'Object Repository/Page_Login  Schoolcomms/i_fa fa-square-o' is clicked on

2018-02-05 15:17:15 - [TEST_STEP][PASSED] - click: Object: 'Object Repository/Page_Login  Schoolcomms/button_LOG IN' is clicked on

2018-02-05 15:17:16 - [MESSAGE][PASSED] - Object: 'Object Repository/Page_Login  Schoolcomms/button_LOG IN' is clicked on

2018-02-05 15:17:16 - [TEST_STEP][PASSED] - click: Object: 'Object Repository/Page_Active Payments  Schoolcomms/div_SupportJamieGA' is clicked on

2018-02-05 15:17:16 - [MESSAGE][PASSED] - Object: 'Object Repository/Page_Active Payments  Schoolcomms/div_SupportJamieGA' is clicked on

2018-02-05 15:17:16 - [TEST_STEP][PASSED] - delay: Delayed 1 second(s)

2018-02-05 15:17:17 - [MESSAGE][PASSED] - Delayed 1 second(s)

2018-02-05 15:17:17 - [TEST_STEP][PASSED] - click: Object: 'Object Repository/Page_Active Payments  Schoolcomms/li_Log out' is clicked on

2018-02-05 15:17:18 - [MESSAGE][PASSED] - Object: 'Object Repository/Page_Active Payments  Schoolcomms/li_Log out' is clicked on

2018-02-05 15:17:18 - [TEST_STEP][PASSED] - verifyElementAttributeValue: Object 'Object Repository/Page_Login  Schoolcomms/input_Username' has attribute 'Value' with value 'SupportJamieGA'

2018-02-05 15:17:18 - [MESSAGE][WARNING] - Timeout '0' is invalid. Using default page load timeout: '30'

2018-02-05 15:17:18 - [MESSAGE][PASSED] - Object 'Object Repository/Page_Login  Schoolcomms/input_Username' has attribute 'Value' with value 'SupportJamieGA']]></system-out>
         <system-err><![CDATA[]]></system-err>
      </testcase>
      <testcase name="Test Cases/HTTPS Redirect - Logged In - LIVE" classname="Test Cases/HTTPS Redirect - Logged In - LIVE" status="PASSED">
         <system-out><![CDATA[2018-02-05 15:17:18 - [TEST_CASE][PASSED] - Test Cases/HTTPS Redirect - Logged In - LIVE: Test Cases/HTTPS Redirect - Logged In - LIVE

2018-02-05 15:17:18 - [TEST_STEP][PASSED] - openBrowser: Browser is opened with url: ''

2018-02-05 15:17:18 - [MESSAGE][WARNING] - A browser is already opened. Closing browser and opening a new one

2018-02-05 15:17:21 - [MESSAGE][PASSED] - Browser is opened with url: ''

2018-02-05 15:17:21 - [TEST_STEP][PASSED] - navigateToUrl: Navigate to 'https://app.schoolcomms.com/login?ReturnUrl=%2fmessaging' successfully

2018-02-05 15:17:22 - [MESSAGE][PASSED] - Navigate to 'https://app.schoolcomms.com/login?ReturnUrl=%2fmessaging' successfully

2018-02-05 15:17:22 - [TEST_STEP][PASSED] - doubleClick: Object: 'Object Repository/Page_Login  Schoolcomms/input_Username' is double clicked on

2018-02-05 15:17:22 - [MESSAGE][PASSED] - Object: 'Object Repository/Page_Login  Schoolcomms/input_Username' is double clicked on

2018-02-05 15:17:22 - [TEST_STEP][PASSED] - setText: Text 'Hillier82' is set on object 'Object Repository/Page_Login  Schoolcomms/input_Username'

2018-02-05 15:17:23 - [MESSAGE][PASSED] - Text 'Hillier82' is set on object 'Object Repository/Page_Login  Schoolcomms/input_Username'

2018-02-05 15:17:23 - [TEST_STEP][PASSED] - setText: Text 'Abigail2014' is set on object 'Object Repository/Page_Login  Schoolcomms/input_memorabledata'

2018-02-05 15:17:23 - [MESSAGE][PASSED] - Text 'Abigail2014' is set on object 'Object Repository/Page_Login  Schoolcomms/input_memorabledata'

2018-02-05 15:17:23 - [TEST_STEP][PASSED] - setText: Text 'Isabel2011' is set on object 'Object Repository/Page_Login  Schoolcomms/input_password'

2018-02-05 15:17:23 - [MESSAGE][PASSED] - Text 'Isabel2011' is set on object 'Object Repository/Page_Login  Schoolcomms/input_password'

2018-02-05 15:17:23 - [TEST_STEP][PASSED] - click: Object: 'Object Repository/Page_Login  Schoolcomms/button_LOG IN' is clicked on

2018-02-05 15:17:26 - [MESSAGE][PASSED] - Object: 'Object Repository/Page_Login  Schoolcomms/button_LOG IN' is clicked on

2018-02-05 15:17:26 - [TEST_STEP][PASSED] - navigateToUrl: Navigate to 'http://app.schoolcomms.com/payments/active' successfully

2018-02-05 15:17:27 - [MESSAGE][PASSED] - Navigate to 'http://app.schoolcomms.com/payments/active' successfully

2018-02-05 15:17:27 - [TEST_STEP][PASSED] - waitForPageLoad: Wait for page load successfully

2018-02-05 15:17:27 - [MESSAGE][WARNING] - Timeout '0' is invalid. Using default page load timeout: '30'

2018-02-05 15:17:27 - [MESSAGE][PASSED] - Wait for page load successfully

2018-02-05 15:17:27 - [TEST_STEP][PASSED] - Statement - url = com.kms.katalon.core.webui.keyword.WebUiBuiltInKeywords.getUrl(): Current window's url is: 'https://app.schoolcomms.com/payments/active'

2018-02-05 15:17:27 - [MESSAGE][PASSED] - Current window's url is: 'https://app.schoolcomms.com/payments/active'

2018-02-05 15:17:27 - [TEST_STEP][PASSED] - verifyEqual: Actual object 'https://app.schoolcomms.com/payments/active' and expected object 'https://app.schoolcomms.com/payments/active' are equal

2018-02-05 15:17:27 - [MESSAGE][PASSED] - Actual object 'https://app.schoolcomms.com/payments/active' and expected object 'https://app.schoolcomms.com/payments/active' are equal

2018-02-05 15:17:27 - [TEST_STEP][PASSED] - takeScreenshot: Taking screenshot successfully

2018-02-05 15:17:27 - [MESSAGE][PASSED] - Taking screenshot successfully
[[ATTACHMENT|/Users/jamiefairlie/Katalon Studio/SOTW Release Checks/Reports/Release Checks/20180205_151620/1517843847276.png]]

2018-02-05 15:17:27 - [TEST_STEP][PASSED] - closeBrowser: Browser is closed

2018-02-05 15:17:27 - [MESSAGE][PASSED] - Browser is closed]]></system-out>
         <system-err><![CDATA[]]></system-err>
      </testcase>
      <system-out><![CDATA[2018-02-05 15:16:24 - [TEST_SUITE][PASSED] - Release Checks: Test Cases/HTTPS Redirect - Logged In - LIVE]]></system-out>
      <system-err><![CDATA[]]></system-err>
   </testsuite>
</testsuites>
